{
  "RSpec": {
    "coverage": {
      "/Users/miche/turing/2module/adopt_dont_shop_2003/config/environment.rb": [
        null,
        1,
        null,
        null,
        1
      ],
      "/Users/miche/turing/2module/adopt_dont_shop_2003/config/application.rb": [
        1,
        null,
        1,
        null,
        1,
        1,
        1,
        1,
        1,
        1,
        1,
        1,
        null,
        null,
        null,
        null,
        1,
        null,
        1,
        1,
        null,
        1,
        null,
        null,
        null,
        null,
        null,
        null,
        1,
        null,
        null
      ],
      "/Users/miche/turing/2module/adopt_dont_shop_2003/config/boot.rb": [
        1,
        null,
        1
      ],
      "/Users/miche/turing/2module/adopt_dont_shop_2003/config/environments/test.rb": [
        1,
        null,
        null,
        null,
        null,
        null,
        null,
        1,
        null,
        null,
        null,
        null,
        1,
        null,
        null,
        1,
        1,
        null,
        null,
        null,
        null,
        1,
        1,
        null,
        null,
        1,
        null,
        null,
        1,
        1,
        null,
        null,
        null,
        null,
        1,
        null,
        null,
        1,
        null,
        null,
        null,
        null
      ],
      "/Users/miche/turing/2module/adopt_dont_shop_2003/config/initializers/application_controller_renderer.rb": [
        null,
        null,
        null,
        null,
        null,
        null,
        null,
        null
      ],
      "/Users/miche/turing/2module/adopt_dont_shop_2003/config/initializers/assets.rb": [
        null,
        null,
        null,
        1,
        null,
        null,
        null,
        null,
        1,
        null,
        null,
        null,
        null,
        null
      ],
      "/Users/miche/turing/2module/adopt_dont_shop_2003/config/initializers/backtrace_silencers.rb": [
        null,
        null,
        null,
        null,
        null,
        null,
        null
      ],
      "/Users/miche/turing/2module/adopt_dont_shop_2003/config/initializers/cookies_serializer.rb": [
        null,
        null,
        null,
        null,
        1
      ],
      "/Users/miche/turing/2module/adopt_dont_shop_2003/config/initializers/filter_parameter_logging.rb": [
        null,
        null,
        null,
        1
      ],
      "/Users/miche/turing/2module/adopt_dont_shop_2003/config/initializers/inflections.rb": [
        null,
        null,
        null,
        null,
        null,
        null,
        null,
        null,
        null,
        null,
        null,
        null,
        null,
        null,
        null,
        null
      ],
      "/Users/miche/turing/2module/adopt_dont_shop_2003/config/initializers/mime_types.rb": [
        null,
        null,
        null,
        null
      ],
      "/Users/miche/turing/2module/adopt_dont_shop_2003/config/initializers/wrap_parameters.rb": [
        null,
        null,
        null,
        null,
        null,
        null,
        1,
        2,
        null,
        null,
        null,
        null,
        null,
        null
      ],
      "/Users/miche/turing/2module/adopt_dont_shop_2003/config/routes.rb": [
        1,
        1,
        null,
        1,
        1,
        1,
        1,
        null
      ],
      "/Users/miche/turing/2module/adopt_dont_shop_2003/app/helpers/application_helper.rb": [
        1,
        null
      ],
      "/Users/miche/turing/2module/adopt_dont_shop_2003/app/helpers/welcome_helper.rb": [
        1,
        null
      ],
      "/Users/miche/turing/2module/adopt_dont_shop_2003/app/controllers/welcome_controller.rb": [
        1,
        null
      ],
      "/Users/miche/turing/2module/adopt_dont_shop_2003/app/controllers/application_controller.rb": [
        1,
        1,
        null
      ],
      "/Users/miche/turing/2module/adopt_dont_shop_2003/spec/features/shelters/edit_shelter_spec.rb": [
        1,
        null,
        0,
        0,
        0,
        0,
        null,
        null,
        null,
        null,
        0,
        null,
        null,
        null,
        null,
        null,
        0,
        null,
        0,
        null,
        0,
        0,
        0,
        0,
        0,
        null,
        0,
        null,
        0,
        0,
        0,
        0,
        0,
        0,
        null,
        null,
        null
      ],
      "/Users/miche/turing/2module/adopt_dont_shop_2003/spec/features/shelters/new_shelter_spec.rb": [
        1,
        null,
        1,
        1,
        1,
        0,
        null,
        null,
        null,
        null,
        0,
        null,
        null,
        null,
        null,
        null,
        0,
        null,
        0,
        null,
        0,
        null,
        0,
        null,
        0,
        0,
        0,
        0,
        0,
        null,
        0,
        null,
        0,
        0,
        null,
        null,
        null
      ],
      "/Users/miche/turing/2module/adopt_dont_shop_2003/spec/features/shelters/shelter_show_spec.rb": [
        1,
        null,
        1,
        1,
        1,
        0,
        null,
        null,
        null,
        null,
        0,
        null,
        null,
        null,
        null,
        null,
        0,
        null,
        0,
        null,
        0,
        null,
        0,
        0,
        0,
        0,
        0,
        0,
        0,
        null,
        null,
        null
      ],
      "/Users/miche/turing/2module/adopt_dont_shop_2003/spec/features/shelters/user_can_see_all_shelters_spec.rb": [
        1,
        null,
        1,
        1,
        0,
        null,
        null,
        null,
        null,
        0,
        null,
        null,
        null,
        null,
        null,
        0,
        null,
        0,
        0,
        null,
        null
      ],
      "/Users/miche/turing/2module/adopt_dont_shop_2003/spec/helpers/welcome_helper_spec.rb": [
        1,
        null,
        null,
        null,
        null,
        null,
        null,
        null,
        null,
        null,
        null,
        null,
        1,
        1,
        null
      ]
    },
    "timestamp": 1589071937
  }
}
